<?xml version="1.0" encoding="UTF-8"?>
<!-- Generated by org.testng.reporters.JUnitXMLReporter -->
<testsuite ignored="0" hostname="DESKTOP-HH8PPS6" failures="1" tests="4" name="Test" time="255.278" errors="0" timestamp="2023-08-18T17:47:10 IST">
  <testcase classname="com.TelanaganaRegistarion3" name="getEC" time="60.742">
    <skipped/>
  </testcase> <!-- getEC -->
  <testcase classname="com.TelanaganaRegistarion3" name="getEC" time="44.994">
    <skipped/>
  </testcase> <!-- getEC -->
  <testcase classname="com.TelanaganaRegistarion3" name="getEC" time="74.738">
    <skipped/>
  </testcase> <!-- getEC -->
  <testcase classname="com.TelanaganaRegistarion3" name="getEC" time="71.769">
    <failure type="com.dropbox.core.InvalidAccessTokenException">
      <![CDATA[com.dropbox.core.InvalidAccessTokenException: 
at com.dropbox.core.DbxRequestUtil.unexpectedStatus(DbxRequestUtil.java:342)
at com.dropbox.core.DbxRequestUtil.unexpectedStatus(DbxRequestUtil.java:324)
at com.dropbox.core.DbxUploader.finish(DbxUploader.java:290)
at com.dropbox.core.DbxUploader.uploadAndFinish(DbxUploader.java:126)
at com.dropbox.core.DbxUploader.uploadAndFinish(DbxUploader.java:96)
at com.dropbox.core.v2.DbxUploadStyleBuilder.uploadAndFinish(DbxUploadStyleBuilder.java:92)
at com.TelanaganaRegistarion3.dropBoxupload(TelanaganaRegistarion3.java:262)
at com.TelanaganaRegistarion3.getEC(TelanaganaRegistarion3.java:128)
at java.base/java.util.ArrayList.forEach(ArrayList.java:1541)
... Removed 27 stack frames]]>
    </failure>
  </testcase> <!-- getEC -->
</testsuite> <!-- Test -->
