<?xml version="1.0" encoding="UTF-8"?>
<!-- Generated by org.testng.reporters.JUnitXMLReporter -->
<testsuite ignored="0" hostname="DESKTOP-HH8PPS6" failures="0" tests="4" name="Test" time="183.035" errors="0" timestamp="2023-05-03T18:20:22 IST">
  <testcase classname="com.TelanaganaRegistarion2" name="getEC" time="52.924">
    <skipped/>
  </testcase> <!-- getEC -->
  <testcase classname="com.TelanaganaRegistarion2" name="getEC" time="42.715">
    <skipped/>
  </testcase> <!-- getEC -->
  <testcase classname="com.TelanaganaRegistarion2" name="getEC" time="22.525">
    <skipped/>
  </testcase> <!-- getEC -->
  <testcase classname="com.TelanaganaRegistarion2" name="getEC" time="61.868"/>
</testsuite> <!-- Test -->
