<?xml version="1.0" encoding="UTF-8"?>
<testng-results ignored="0" total="1" passed="1" failed="0" skipped="0">
  <reporter-output>
  </reporter-output>
  <suite started-at="2023-02-15T18:37:50 IST" name="Default suite" finished-at="2023-02-15T18:38:56 IST" duration-ms="65698">
    <groups>
    </groups>
    <test started-at="2023-02-15T18:37:50 IST" name="Default test" finished-at="2023-02-15T18:38:56 IST" duration-ms="65698">
      <class name="com.TelanaganaRegistarion2">
        <test-method signature="getEC()[pri:0, instance:com.TelanaganaRegistarion2@f0c8a99]" started-at="2023-02-15T18:37:50 IST" name="getEC" finished-at="2023-02-15T18:38:55 IST" duration-ms="64482" status="PASS">
          <reporter-output>
          </reporter-output>
        </test-method> <!-- getEC -->
        <test-method is-config="true" signature="tearDDown()[pri:0, instance:com.TelanaganaRegistarion2@f0c8a99]" started-at="2023-02-15T18:38:55 IST" name="tearDDown" finished-at="2023-02-15T18:38:56 IST" duration-ms="1119" status="PASS">
          <reporter-output>
          </reporter-output>
        </test-method> <!-- tearDDown -->
      </class> <!-- com.TelanaganaRegistarion2 -->
    </test> <!-- Default test -->
  </suite> <!-- Default suite -->
</testng-results>
