<?xml version="1.0" encoding="UTF-8"?>
<testng-results ignored="0" total="1" passed="1" failed="0" skipped="0">
  <reporter-output>
  </reporter-output>
  <suite started-at="2023-05-13T15:27:11 IST" name="Suite" finished-at="2023-05-13T15:28:21 IST" duration-ms="69355">
    <groups>
    </groups>
    <test started-at="2023-05-13T15:27:11 IST" name="Test" finished-at="2023-05-13T15:28:21 IST" duration-ms="69355">
      <class name="com.TelanaganaRegistarion2">
        <test-method signature="getEC()[pri:0, instance:com.TelanaganaRegistarion2@6d4d66d2]" started-at="2023-05-13T15:27:11 IST" name="getEC" finished-at="2023-05-13T15:28:20 IST" duration-ms="68561" status="PASS">
          <reporter-output>
          </reporter-output>
        </test-method> <!-- getEC -->
        <test-method is-config="true" signature="tearDDown()[pri:0, instance:com.TelanaganaRegistarion2@6d4d66d2]" started-at="2023-05-13T15:28:20 IST" name="tearDDown" finished-at="2023-05-13T15:28:21 IST" duration-ms="738" status="PASS">
          <reporter-output>
          </reporter-output>
        </test-method> <!-- tearDDown -->
      </class> <!-- com.TelanaganaRegistarion2 -->
    </test> <!-- Test -->
  </suite> <!-- Suite -->
</testng-results>
